-------------------------------------------------------------------------------
Test set: ch.bbw.consolecalculator.CalculatorTest
-------------------------------------------------------------------------------
Tests run: 21, Failures: 1, Errors: 0, Skipped: 0, Time elapsed: 0.01 s <<< FAILURE! - in ch.bbw.consolecalculator.CalculatorTest
testDivisionDividedByZeroIsNOk(ch.bbw.consolecalculator.CalculatorTest)  Time elapsed: 0.001 s  <<< FAILURE!
java.lang.AssertionError: Expected exception: java.lang.ArithmeticException

