<?xml version="1.0" encoding="UTF-8"?>
<testsuite xmlns:xsi="http://www.w3.org/2001/XMLSchema-instance" xsi:noNamespaceSchemaLocation="https://maven.apache.org/surefire/maven-surefire-plugin/xsd/surefire-test-report.xsd" name="ch.bbw.consolecalculator.CalculatorTest" time="0.01" tests="21" errors="0" skipped="0" failures="1">
  <properties>
[...]
</properties>
  <testcase name="testMalPiEinePositiveOk" classname="ch.bbw.consolecalculator.CalculatorTest" time="0"/>
  <testcase name="testSubtraktionPositiveUndNegativeLessThanZero" classname="ch.bbw.consolecalculator.CalculatorTest" time="0"/>
  <testcase name="testSummeMaxValueUndNegativeIsOk" classname="ch.bbw.consolecalculator.CalculatorTest" time="0"/>
  <testcase name="testWurzelEinePositiveOk" classname="ch.bbw.consolecalculator.CalculatorTest" time="0"/>
  <testcase name="testSummeZweiPositiveIsOk" classname="ch.bbw.consolecalculator.CalculatorTest" time="0"/>
  <testcase name="testSummeEinePositiveUndEineNegativeIsOk" classname="ch.bbw.consolecalculator.CalculatorTest" time="0"/>
  <testcase name="testSummeZweiNegativeIsOk" classname="ch.bbw.consolecalculator.CalculatorTest" time="0"/>
  <testcase name="testSubtraktionZweiNegativeLessThanZero" classname="ch.bbw.consolecalculator.CalculatorTest" time="0"/>
  <testcase name="testQuadratEinePositiveOk" classname="ch.bbw.consolecalculator.CalculatorTest" time="0"/>
  <testcase name="testSubtraktionZweiPositiveGreaterThanZero" classname="ch.bbw.consolecalculator.CalculatorTest" time="0"/>
  <testcase name="testSubtraktionEinePositiveUndEineNegativeIsOk" classname="ch.bbw.consolecalculator.CalculatorTest" time="0"/>
  <testcase name="testSubtraktionMinValueUndNegativeIsOk" classname="ch.bbw.consolecalculator.CalculatorTest" time="0"/>
  <testcase name="testDivisionDividedByZeroIsNOk" classname="ch.bbw.consolecalculator.CalculatorTest" time="0.001">
    <failure message="Expected exception: java.lang.ArithmeticException" type="java.lang.AssertionError">java.lang.AssertionError: Expected exception: java.lang.ArithmeticException
</failure>
  </testcase>
  <testcase name="testSubtraktionZweiPositiveIsOk" classname="ch.bbw.consolecalculator.CalculatorTest" time="0.001"/>
  <testcase name="testSubtraktionZweiNegativeIsOk" classname="ch.bbw.consolecalculator.CalculatorTest" time="0"/>
  <testcase name="testSubtraktionZweiNegativeGreaterThanZero" classname="ch.bbw.consolecalculator.CalculatorTest" time="0"/>
  <testcase name="testSummeMinValueUndPositiveIsOk" classname="ch.bbw.consolecalculator.CalculatorTest" time="0"/>
  <testcase name="testSubtraktionPositiveUndZeroIsOk" classname="ch.bbw.consolecalculator.CalculatorTest" time="0"/>
  <testcase name="testSubtraktionZweiPositiveLessThanZero" classname="ch.bbw.consolecalculator.CalculatorTest" time="0"/>
  <testcase name="testDivisionZweiPositiveIsOk" classname="ch.bbw.consolecalculator.CalculatorTest" time="0"/>
  <testcase name="testSubtraktionPositiveUndNegativeGreaterThanZero" classname="ch.bbw.consolecalculator.CalculatorTest" time="0"/>
</testsuite>